Le 12/6/2021 à 22:11:54:12 [::1] [POST] http://localhost:3000/api/account/login [400-Bad Request] [{"email":"","password":""}]
Le 12/6/2021 à 23:11:8:402 [::1] [POST] http://localhost:3000/api/account/login [400-Bad Request] [{"email":"admin@gmail.com","password":"Jenesispas34."}]
Le 12/6/2021 à 23:11:12:534 [::1] [POST] http://localhost:3000/api/account/login [400-Bad Request] [{"email":"admin@gmail.com","password":"Jenesaispas34."}]
Le 12/6/2021 à 23:11:53:354 [::1] [POST] http://localhost:3000/api/account/login [400-Bad Request] [{"email":"admin@gmail.com","password":"Jenesaispas34."}]
Le 12/6/2021 à 23:13:22:870 [::1] [POST] http://localhost:3000/api/user/info/ff51bd00-de57-11eb-99bb-a102cf452cef [404-Not Found] [{}]
Le 12/6/2021 à 23:14:11:254 [::1] [GET] http://localhost:3000/api/user/info/ff51bd00-de57-11eb-99bb-a102cf452cef [404-Not Found] [{}]
Le 12/6/2021 à 23:55:43:812 [::1] [PUT] http://localhost:3000/api/user/247b38c0-df13-11eb-8800-3b12c7129a8d [498-unknown] [{"avatar":"http://localhost:3000/media/avatar/128_4.png","bio":"Salut tout le monde !QQ","firstName":"Tim","lastName":"Brillant"}]
Le 13/6/2021 à 0:1:51:226 [::1] [GET] http://localhost:3000/api/user/info/247b38c0-df13-11eb-8800-3b12c7129a8d [498-unknown] [{}]
Le 13/6/2021 à 0:2:21:899 [::1] [GET] http://localhost:3000/api/user/info/247b38c0-df13-11eb-8800-3b12c7129a8d [498-unknown] [{}]
Le 13/6/2021 à 0:8:29:830 [::1] [GET] http://localhost:3000/api/user/info/247b38c0-df13-11eb-8800-3b12c7129a8d [498-unknown] [{}]
Le 13/6/2021 à 0:9:8:55 [::1] [GET] http://localhost:3000/api/user/info/247b38c0-df13-11eb-8800-3b12c7129a8d [498-unknown] [{}]
Le 13/6/2021 à 0:12:34:412 [::1] [GET] http://localhost:3000/api/user/info/247b38c0-df13-11eb-8800-3b12c7129a8d [498-unknown] [{}]
Le 13/6/2021 à 0:35:50:352 [::1] [POST] http://localhost:3000/api/account/login [400-Bad Request] [{"email":"rida@gmail.com","password":"Jenesaispas34."}]
Le 13/6/2021 à 0:43:9:245 [::1] [PUT] http://localhost:3000/api/user/7a4b7dc0-e362-11eb-96ef-53ebd34f1924 [400-Bad Request] [{"avatar":"http://localhost:3000/media/avatar/128_5.png","bio":"I LOVE MY GLASS","firstName":"Salim","lastName":"Merimeche"}]
Le 13/6/2021 à 0:44:24:990 [::ffff:127.0.0.1] [POST] http://localhost:3000/api/action/ [400-Bad Request] [{"postId":"fd80c660-e361-11eb-8705-af03c797095c","userId":"7a4b7dc0-e362-11eb-96ef-53ebd34f1924","reaction":"Moi je suis là ;)"}]
Le 13/6/2021 à 0:49:6:843 [::1] [POST] http://localhost:3000/api/action/ [400-Bad Request] [{"postId":"fd80c660-e361-11eb-8705-af03c797095c","userId":"7a4b7dc0-e362-11eb-96ef-53ebd34f1924","reaction":""}]
Le 13/6/2021 à 0:49:33:496 [::1] [POST] http://localhost:3000/api/action/ [400-Bad Request] [{"postId":"fd80c660-e361-11eb-8705-af03c797095c","userId":"7a4b7dc0-e362-11eb-96ef-53ebd34f1924","reaction":""}]
Le 13/6/2021 à 0:49:38:965 [::1] [POST] http://localhost:3000/api/action/ [400-Bad Request] [{"postId":"fd80c660-e361-11eb-8705-af03c797095c","userId":"7a4b7dc0-e362-11eb-96ef-53ebd34f1924","reaction":""}]
Le 13/6/2021 à 0:50:38:807 [::1] [POST] http://localhost:3000/api/action/ [400-Bad Request] [{"postId":"f0595010-e361-11eb-8705-af03c797095c","userId":"7a4b7dc0-e362-11eb-96ef-53ebd34f1924","reaction":""}]
Le 13/6/2021 à 0:51:39:419 [::1] [POST] http://localhost:3000/api/action/ [400-Bad Request] [{"postId":"f0595010-e361-11eb-8705-af03c797095c","userId":"7a4b7dc0-e362-11eb-96ef-53ebd34f1924","reaction":""}]
Le 13/6/2021 à 0:51:51:783 [::1] [POST] http://localhost:3000/api/multimedia/post [400-Bad Request] [{"file":"","legend":"","userId":"7a4b7dc0-e362-11eb-96ef-53ebd34f1924"}]
Le 13/6/2021 à 0:53:10:122 [::1] [POST] http://localhost:3000/api/multimedia/post [400-Bad Request] [{"file":"","legend":"","userId":"7a4b7dc0-e362-11eb-96ef-53ebd34f1924"}]
Le 13/6/2021 à 0:53:15:431 [::1] [POST] http://localhost:3000/api/agora/post [400-Bad Request] [{"userId":"7a4b7dc0-e362-11eb-96ef-53ebd34f1924","titre":""}]
Le 13/6/2021 à 1:2:42:150 [::1] [POST] http://localhost:3000/api/action/ [400-Bad Request] [{"postId":"a6fe83d0-e362-11eb-b9ca-61c6156b1575","userId":"7a4b7dc0-e362-11eb-96ef-53ebd34f1924","reaction":""}]
Le 13/6/2021 à 1:5:52:81 [::1] [POST] http://localhost:3000/api/multimedia/post [400-Bad Request] [{"file":"","legend":"J'aime beaucoup les pates à la bolognaise, je trouve qu e ça un bon gout et vous vous vous vous vous","userId":"69c03ba0-e365-11eb-904c-a93c5aaf5c9f"}]
Le 13/6/2021 à 2:20:37:284 [::1] [POST] http://localhost:3000/api/multimedia/post [400-Bad Request] [{"legend":"","userId":"69c03ba0-e365-11eb-904c-a93c5aaf5c9f"}]
Le 13/6/2021 à 2:20:52:840 [::1] [POST] http://localhost:3000/api/multimedia/post [400-Bad Request] [{"legend":"","userId":"69c03ba0-e365-11eb-904c-a93c5aaf5c9f"}]
Le 13/6/2021 à 2:23:36:463 [::1] [POST] http://localhost:3000/api/multimedia/post [400-Bad Request] [{"file":"","legend":"d","userId":"69c03ba0-e365-11eb-904c-a93c5aaf5c9f"}]
Le 13/6/2021 à 2:23:42:351 [::1] [POST] http://localhost:3000/api/multimedia/post [400-Bad Request] [{"file":"","legend":"ddfdfddffdfdfdddddddddddddddddddddddddddddddddddddddddddddddd","userId":"69c03ba0-e365-11eb-904c-a93c5aaf5c9f"}]
